<?xml version="1.0" encoding="UTF-8"?>
<robot generator="Robot 5.0.1 (Python 3.9.12 on win32)" generated="20221017 17:18:59.847" rpa="false" schemaversion="3">
<suite id="s1" name="Automacao Site" source="C:\Users\Arthur\Desktop\Automacao_de_Cadastro\automacao_site.robot">
<test id="s1-t1" name="Realizar cadastro no spotify" line="10">
<kw name="Abrir navegador" library="resource" type="SETUP">
<kw name="Open Browser" library="SeleniumLibrary">
<arg>about:blank</arg>
<arg>${BROWSER}</arg>
<doc>Opens a new browser instance to the optional ``url``.</doc>
<msg timestamp="20221017 17:19:00.042" level="INFO">Opening browser 'chrome' to base url 'about:blank'.</msg>
<status status="PASS" starttime="20221017 17:19:00.042" endtime="20221017 17:19:01.163"/>
</kw>
<status status="PASS" starttime="20221017 17:19:00.041" endtime="20221017 17:19:01.163"/>
</kw>
<kw name="Acessar a página home do site" library="resource">
<kw name="Go To" library="SeleniumLibrary">
<arg>${URL}</arg>
<doc>Navigates the current browser window to the provided ``url``.</doc>
<msg timestamp="20221017 17:19:01.164" level="INFO">Opening url 'https://www.spotify.com'</msg>
<status status="PASS" starttime="20221017 17:19:01.164" endtime="20221017 17:19:03.652"/>
</kw>
<kw name="Title Should Be" library="SeleniumLibrary">
<arg>${TITLE}</arg>
<doc>Verifies that the current page title equals ``title``.</doc>
<msg timestamp="20221017 17:19:03.655" level="INFO">Page title is 'Spotify – Web player'.</msg>
<status status="PASS" starttime="20221017 17:19:03.652" endtime="20221017 17:19:03.655"/>
</kw>
<status status="PASS" starttime="20221017 17:19:01.163" endtime="20221017 17:19:03.655"/>
</kw>
<kw name="Clicar no botão cadastro" library="resource">
<kw name="Wait Until Page Contains Element" library="SeleniumLibrary">
<arg>${REGISTER_BUTTON}</arg>
<doc>Waits until the element ``locator`` appears on the current page.</doc>
<status status="PASS" starttime="20221017 17:19:03.655" endtime="20221017 17:19:03.664"/>
</kw>
<kw name="Click Element" library="SeleniumLibrary">
<arg>${REGISTER_BUTTON}</arg>
<doc>Click the element identified by ``locator``.</doc>
<msg timestamp="20221017 17:19:03.664" level="INFO">Clicking element '//*[@id="main"]//button[1][contains(text(), "Inscrever-se")]'.</msg>
<status status="PASS" starttime="20221017 17:19:03.664" endtime="20221017 17:19:03.699"/>
</kw>
<status status="PASS" starttime="20221017 17:19:03.655" endtime="20221017 17:19:03.700"/>
</kw>
<kw name="Preencher dados" library="resource">
<kw name="Wait Until Page Contains Element" library="SeleniumLibrary">
<arg>${CLICK_EMAIL}</arg>
<doc>Waits until the element ``locator`` appears on the current page.</doc>
<status status="PASS" starttime="20221017 17:19:03.700" endtime="20221017 17:19:07.816"/>
</kw>
<kw name="Input Text" library="SeleniumLibrary">
<arg>${CLICK_EMAIL}</arg>
<arg>${EMAIL}</arg>
<doc>Types the given ``text`` into the text field identified by ``locator``.</doc>
<msg timestamp="20221017 17:19:07.816" level="INFO">Typing text 'email@gmail.com' into text field '//*[@id="email"]'.</msg>
<status status="PASS" starttime="20221017 17:19:07.816" endtime="20221017 17:19:08.152"/>
</kw>
<kw name="Input Text" library="SeleniumLibrary">
<arg>${CONFIRMAR_EMAIL}</arg>
<arg>${EMAIL}</arg>
<doc>Types the given ``text`` into the text field identified by ``locator``.</doc>
<msg timestamp="20221017 17:19:08.152" level="INFO">Typing text 'email@gmail.com' into text field '//*[@id="confirm"]'.</msg>
<status status="PASS" starttime="20221017 17:19:08.152" endtime="20221017 17:19:08.428"/>
</kw>
<kw name="Input Text" library="SeleniumLibrary">
<arg>${CLICK_SENHA}</arg>
<arg>${SENHA}</arg>
<doc>Types the given ``text`` into the text field identified by ``locator``.</doc>
<msg timestamp="20221017 17:19:08.429" level="INFO">Typing text 'senha123' into text field '//*[@id="password"]'.</msg>
<status status="PASS" starttime="20221017 17:19:08.428" endtime="20221017 17:19:08.619"/>
</kw>
<kw name="Input Text" library="SeleniumLibrary">
<arg>${CLICK_NOME}</arg>
<arg>${NOME}</arg>
<doc>Types the given ``text`` into the text field identified by ``locator``.</doc>
<msg timestamp="20221017 17:19:08.620" level="INFO">Typing text 'Nome' into text field '//*[@id="displayname"]'.</msg>
<status status="PASS" starttime="20221017 17:19:08.619" endtime="20221017 17:19:08.723"/>
</kw>
<kw name="Input Text" library="SeleniumLibrary">
<arg>${CLICK_DIA_NASC}</arg>
<arg>${DIA_NASC}</arg>
<doc>Types the given ``text`` into the text field identified by ``locator``.</doc>
<msg timestamp="20221017 17:19:08.723" level="INFO">Typing text '09' into text field '//*[@id="day"]'.</msg>
<status status="PASS" starttime="20221017 17:19:08.723" endtime="20221017 17:19:08.814"/>
</kw>
<kw name="Input Text" library="SeleniumLibrary">
<arg>${CLICK_ANO_NASC}</arg>
<arg>${ANO_NASC}</arg>
<doc>Types the given ``text`` into the text field identified by ``locator``.</doc>
<msg timestamp="20221017 17:19:08.814" level="INFO">Typing text '2004' into text field '//*[@id="year"]'.</msg>
<status status="PASS" starttime="20221017 17:19:08.814" endtime="20221017 17:19:08.930"/>
</kw>
<kw name="Click Element" library="SeleniumLibrary">
<arg>${SEXO}</arg>
<doc>Click the element identified by ``locator``.</doc>
<msg timestamp="20221017 17:19:08.931" level="INFO">Clicking element '//*[@id="__next"]/main/div/div/form/fieldset/div//*[contains(text(),"Prefiro não dizer")]'.</msg>
<status status="PASS" starttime="20221017 17:19:08.930" endtime="20221017 17:19:08.994"/>
</kw>
<kw name="Click Element" library="SeleniumLibrary">
<arg>${NO_NOTIFICATION}</arg>
<doc>Click the element identified by ``locator``.</doc>
<msg timestamp="20221017 17:19:08.994" level="INFO">Clicking element '//*[@id="__next"]/main/div/div/form/div[6]/div/label/span[1]'.</msg>
<status status="PASS" starttime="20221017 17:19:08.994" endtime="20221017 17:19:09.055"/>
</kw>
<kw name="Click Element" library="SeleniumLibrary">
<arg>${ACEITAR_TERMOS}</arg>
<doc>Click the element identified by ``locator``.</doc>
<msg timestamp="20221017 17:19:09.056" level="INFO">Clicking element '//*[@id="__next"]/main/div/div/form/div[8]/div/label/span[1]'.</msg>
<status status="PASS" starttime="20221017 17:19:09.055" endtime="20221017 17:19:09.108"/>
</kw>
<status status="PASS" starttime="20221017 17:19:03.700" endtime="20221017 17:19:09.108"/>
</kw>
<kw name="Finalizar cadastro" library="resource">
<kw name="Click Element" library="SeleniumLibrary">
<arg>${INSCREVER}</arg>
<doc>Click the element identified by ``locator``.</doc>
<msg timestamp="20221017 17:19:09.109" level="INFO">Clicking element '//*[@id="__next"]/main/div/div/form/div[10]/div/button'.</msg>
<status status="PASS" starttime="20221017 17:19:09.108" endtime="20221017 17:19:09.174"/>
</kw>
<status status="PASS" starttime="20221017 17:19:09.108" endtime="20221017 17:19:09.174"/>
</kw>
<kw name="Fechar navegador" library="resource" type="TEARDOWN">
<kw name="Close Browser" library="SeleniumLibrary">
<doc>Closes the current browser.</doc>
<status status="PASS" starttime="20221017 17:19:09.175" endtime="20221017 17:19:11.335"/>
</kw>
<status status="PASS" starttime="20221017 17:19:09.175" endtime="20221017 17:19:11.335"/>
</kw>
<status status="PASS" starttime="20221017 17:19:00.041" endtime="20221017 17:19:11.336"/>
</test>
<status status="PASS" starttime="20221017 17:18:59.848" endtime="20221017 17:19:11.337"/>
</suite>
<statistics>
<total>
<stat pass="1" fail="0" skip="0">All Tests</stat>
</total>
<tag>
</tag>
<suite>
<stat pass="1" fail="0" skip="0" id="s1" name="Automacao Site">Automacao Site</stat>
</suite>
</statistics>
<errors>
</errors>
</robot>
