<?xml version="1.0" encoding="UTF-8"?>
<robot generator="Robot 5.0.1 (Python 3.9.12 on win32)" generated="20221013 15:57:37.374" rpa="false" schemaversion="3">
<suite id="s1" name="Automacao Site" source="C:\Users\Arthur\Desktop\Automacao_de_Cadastro\automacao_site.robot">
<test id="s1-t1" name="Realizar cadastro no spotify" line="10">
<kw name="Abrir navegador" library="resource" type="SETUP">
<kw name="Open Browser" library="SeleniumLibrary">
<arg>about:blank</arg>
<arg>${BROWSER}</arg>
<doc>Opens a new browser instance to the optional ``url``.</doc>
<msg timestamp="20221013 15:57:37.562" level="INFO">Opening browser 'chrome' to base url 'about:blank'.</msg>
<status status="PASS" starttime="20221013 15:57:37.562" endtime="20221013 15:57:38.802"/>
</kw>
<status status="PASS" starttime="20221013 15:57:37.561" endtime="20221013 15:57:38.802"/>
</kw>
<kw name="Acessar a página home do site" library="resource">
<kw name="Go To" library="SeleniumLibrary">
<arg>${URL}</arg>
<doc>Navigates the current browser window to the provided ``url``.</doc>
<msg timestamp="20221013 15:57:38.804" level="INFO">Opening url 'https://www.spotify.com'</msg>
<status status="PASS" starttime="20221013 15:57:38.804" endtime="20221013 15:57:41.645"/>
</kw>
<kw name="Title Should Be" library="SeleniumLibrary">
<arg>${TITLE}</arg>
<doc>Verifies that the current page title equals ``title``.</doc>
<msg timestamp="20221013 15:57:41.648" level="INFO">Page title is 'Spotify – Web player'.</msg>
<status status="PASS" starttime="20221013 15:57:41.645" endtime="20221013 15:57:41.648"/>
</kw>
<status status="PASS" starttime="20221013 15:57:38.803" endtime="20221013 15:57:41.648"/>
</kw>
<kw name="Clicar no botão cadastro" library="resource">
<kw name="Wait Until Page Contains Element" library="SeleniumLibrary">
<arg>${REGISTER_BUTTON}</arg>
<doc>Waits until the element ``locator`` appears on the current page.</doc>
<status status="PASS" starttime="20221013 15:57:41.649" endtime="20221013 15:57:41.658"/>
</kw>
<kw name="Click Element" library="SeleniumLibrary">
<arg>${REGISTER_BUTTON}</arg>
<doc>Click the element identified by ``locator``.</doc>
<msg timestamp="20221013 15:57:41.658" level="INFO">Clicking element '//*[@id="main"]//button[1][contains(text(), "Inscrever-se")]'.</msg>
<status status="PASS" starttime="20221013 15:57:41.658" endtime="20221013 15:57:41.695"/>
</kw>
<status status="PASS" starttime="20221013 15:57:41.648" endtime="20221013 15:57:41.695"/>
</kw>
<kw name="Preencher dados" library="resource">
<kw name="Wait Until Page Contains Element" library="SeleniumLibrary">
<arg>${CLICK_EMAIL}</arg>
<doc>Waits until the element ``locator`` appears on the current page.</doc>
<status status="PASS" starttime="20221013 15:57:41.696" endtime="20221013 15:57:46.121"/>
</kw>
<kw name="Input Text" library="SeleniumLibrary">
<arg>${CLICK_EMAIL}</arg>
<arg>${EMAIL}</arg>
<doc>Types the given ``text`` into the text field identified by ``locator``.</doc>
<msg timestamp="20221013 15:57:46.121" level="INFO">Typing text 'email@gmail.com' into text field '//*[@id="email"]'.</msg>
<status status="PASS" starttime="20221013 15:57:46.121" endtime="20221013 15:57:46.486"/>
</kw>
<kw name="Input Text" library="SeleniumLibrary">
<arg>${CONFIRMAR_EMAIL}</arg>
<arg>${EMAIL}</arg>
<doc>Types the given ``text`` into the text field identified by ``locator``.</doc>
<msg timestamp="20221013 15:57:46.486" level="INFO">Typing text 'email@gmail.com' into text field '//*[@id="confirm"]'.</msg>
<status status="PASS" starttime="20221013 15:57:46.486" endtime="20221013 15:57:46.777"/>
</kw>
<kw name="Input Text" library="SeleniumLibrary">
<arg>${CLICK_SENHA}</arg>
<arg>${SENHA}</arg>
<doc>Types the given ``text`` into the text field identified by ``locator``.</doc>
<msg timestamp="20221013 15:57:46.778" level="INFO">Typing text 'senha123' into text field '//*[@id="password"]'.</msg>
<status status="PASS" starttime="20221013 15:57:46.777" endtime="20221013 15:57:46.984"/>
</kw>
<kw name="Input Text" library="SeleniumLibrary">
<arg>${CLICK_NOME}</arg>
<arg>${NOME}</arg>
<doc>Types the given ``text`` into the text field identified by ``locator``.</doc>
<msg timestamp="20221013 15:57:46.985" level="INFO">Typing text 'Nome' into text field '//*[@id="displayname"]'.</msg>
<status status="PASS" starttime="20221013 15:57:46.984" endtime="20221013 15:57:47.190"/>
</kw>
<kw name="Input Text" library="SeleniumLibrary">
<arg>${CLICK_DIA_NASC}</arg>
<arg>${DIA_NASC}</arg>
<doc>Types the given ``text`` into the text field identified by ``locator``.</doc>
<msg timestamp="20221013 15:57:47.190" level="INFO">Typing text '09' into text field '//*[@id="day"]'.</msg>
<status status="PASS" starttime="20221013 15:57:47.190" endtime="20221013 15:57:47.296"/>
</kw>
<kw name="Input Text" library="SeleniumLibrary">
<arg>${CLICK_ANO_NASC}</arg>
<arg>${ANO_NASC}</arg>
<doc>Types the given ``text`` into the text field identified by ``locator``.</doc>
<msg timestamp="20221013 15:57:47.296" level="INFO">Typing text '2004' into text field '//*[@id="year"]'.</msg>
<status status="PASS" starttime="20221013 15:57:47.296" endtime="20221013 15:57:47.433"/>
</kw>
<kw name="Click Element" library="SeleniumLibrary">
<arg>${SEXO}</arg>
<doc>Click the element identified by ``locator``.</doc>
<msg timestamp="20221013 15:57:47.433" level="INFO">Clicking element '//*[@id="__next"]/main/div/div/form/fieldset/div//*[contains(text(),"Prefiro não dizer")]'.</msg>
<status status="PASS" starttime="20221013 15:57:47.433" endtime="20221013 15:57:47.496"/>
</kw>
<kw name="Click Element" library="SeleniumLibrary">
<arg>${NO_NOTIFICATION}</arg>
<doc>Click the element identified by ``locator``.</doc>
<msg timestamp="20221013 15:57:47.497" level="INFO">Clicking element '//*[@id="__next"]/main/div/div/form/div[6]/div/label/span[1]'.</msg>
<status status="PASS" starttime="20221013 15:57:47.496" endtime="20221013 15:57:47.540"/>
</kw>
<kw name="Click Element" library="SeleniumLibrary">
<arg>${ACEITAR_TERMOS}</arg>
<doc>Click the element identified by ``locator``.</doc>
<msg timestamp="20221013 15:57:47.540" level="INFO">Clicking element '//*[@id="__next"]/main/div/div/form/div[8]/div/label/span[1]'.</msg>
<status status="PASS" starttime="20221013 15:57:47.540" endtime="20221013 15:57:47.596"/>
</kw>
<status status="PASS" starttime="20221013 15:57:41.695" endtime="20221013 15:57:47.596"/>
</kw>
<kw name="Finalizar cadastro" library="resource">
<kw name="Click Element" library="SeleniumLibrary">
<arg>${INSCREVER}</arg>
<doc>Click the element identified by ``locator``.</doc>
<msg timestamp="20221013 15:57:47.598" level="INFO">Clicking element '//*[@id="__next"]/main/div/div/form/div[10]/div/button'.</msg>
<status status="PASS" starttime="20221013 15:57:47.597" endtime="20221013 15:57:47.669"/>
</kw>
<status status="PASS" starttime="20221013 15:57:47.597" endtime="20221013 15:57:47.670"/>
</kw>
<kw name="Fechar navegador" library="resource" type="TEARDOWN">
<kw name="Close Browser" library="SeleniumLibrary">
<doc>Closes the current browser.</doc>
<status status="PASS" starttime="20221013 15:57:47.670" endtime="20221013 15:57:49.831"/>
</kw>
<status status="PASS" starttime="20221013 15:57:47.670" endtime="20221013 15:57:49.831"/>
</kw>
<status status="PASS" starttime="20221013 15:57:37.560" endtime="20221013 15:57:49.832"/>
</test>
<status status="PASS" starttime="20221013 15:57:37.375" endtime="20221013 15:57:49.837"/>
</suite>
<statistics>
<total>
<stat pass="1" fail="0" skip="0">All Tests</stat>
</total>
<tag>
</tag>
<suite>
<stat pass="1" fail="0" skip="0" id="s1" name="Automacao Site">Automacao Site</stat>
</suite>
</statistics>
<errors>
</errors>
</robot>
